 runtime  src| 
 0.1123s INFO| Started at 2025-02-11 16:03:49.812
 0.1151s INFO| EDuke32 r10608-8d79c372a
 0.1162s INFO| Built Dec 26 2024 21:07:50, GCC 13.0.0, 64-bit
 0.1175s INFO| Application parameters: -jC:\Users\jbohler\Downloads\eduke32\Ultimate Duke Nukem 3D Custom By Y0uls\CustomDuke\maps\Aztec AZTEC.MAP -usecwd
 0.1185s INFO| Using directory C:/Users/jbohler/Downloads/eduke32/Ultimate Duke Nukem 3D Custom By Y0uls/CustomDuke/maps/Aztec/
 0.1317s INFO| OS: Windows 10 (build 10.0.26100)
 0.1342s INFO| CPU: Intel(R) Core(TM) Ultra 7 155H
 0.1349s INFO| Initializing SDL 2.30.10 (SDL-release-2.30.10-0-g9c821dc21)
 2.0386s  GFX| Detecting video modes for display 0 (DELL S2721HN)...
 2.0515s INFO| Searching for game data...
 2.0696s INFO| Using DUKE3D.GRP as main data file.
 2.0732s  CON| Compiling: GAME.CON (151190 bytes)
 2.0762s  CON| Including: DEFS.CON (35992 bytes)
 2.0775s  CON| Including: USER.CON (45482 bytes)
 2.1571s WARN| USER.CON:844: overwriting existing definition for sound #261 (hydro43.voc)
 2.1638s WARN| USER.CON:873: overwriting existing definition for sound #323 (aisle402.voc)
 2.1816s  CON| GAME.CON: In actor 'ORGANTIC':
 2.1822s WARN| GAME.CON:3967: found 'else' with no 'if'
 2.1830s  CON| GAME.CON: In state 'pigshootenemystate':
 2.1838s WARN| GAME.CON:5890: found 'else' with no 'if'
 2.1848s WARN| Found 4 warning(s), 0 error(s).
 2.1869s  CON| Compiled 145216 bytes in 113ms
 2.2199s INFO| Using level: '/AZTEC.MAP'.
 2.2657s INFO| Initialized 96.0M cache
 2.4692s INFO| Initializing console...
 2.7182s INPT| No game controllers found.
 2.7261s INFO| Executing settings.cfg
 2.7663s  GFX| Setting video mode 1280x720 (32-bpp windowed).
 2.8816s  GFX| OpenGL driver: NVIDIA RTX 500 Ada Generation Laptop GPU/PCIe/SSE2 4.6.0 NVIDIA 553.05
 2.8817s  GFX| OpenGL context: version 4.6
 2.8817s  GFX| Refresh rate: 60.02Hz.
 2.8827s  GFX| Window focus changed
 2.8828s INPT| Loaded en-US keyboard layout
 3.0170s INFO| Opened texturecache as cache file.
 3.0311s INFO| Mapped 3358660 byte texcache
 3.0313s  ASS| Initializing Apogee Sound System
 3.1424s  ASS| Using SDL WASAPI driver on Realtek(R
 3.1425s  ASS| Initialized sound at 44.1 KHz stereo with 64 voices
 3.1425s  ASS| Initializing MIDI driver: AdLib OPL3 emulation
 3.8363s INFO| Cache time: 22ms.
 3.8416s INFO| User Map: /AZTEC.MAP
 6.7043s INFO| Wrote eduke32.cfg
 6.7059s INFO| Wrote settings.cfg
 6.8453s INPT| Restored fr-FR keyboard layout
